<?xml version="1.0" encoding="UTF-8"?>
<!-- Generated by org.testng.reporters.JUnitReportReporter -->
<testsuite hostname="MacBooks-MBP.fios-router.home" failures="0" tests="3" name="com.qa.rf.TestPages.RegisterPageTest" time="23.141" errors="0" timestamp="14 Dec 2020 04:54:41 GMT" skipped="0">
  <testcase classname="com.qa.rf.TestPages.RegisterPageTest" name="changecc" time="12.451"/>
  <testcase classname="com.qa.rf.TestPages.RegisterPageTest" name="Enterinfo" time="6.280"/>
  <testcase classname="com.qa.rf.TestPages.RegisterPageTest" name="validatetitle" time="4.410"/>
</testsuite> <!-- com.qa.rf.TestPages.RegisterPageTest -->
