<?xml version="1.0" encoding="UTF-8"?>
<!-- Generated by org.testng.reporters.JUnitReportReporter -->
<testsuite hostname="MacBooks-MBP.fios-router.home" failures="0" tests="3" name="com.qa.rf.TestPages.RegisterPageTest" time="19.484" errors="0" timestamp="14 Dec 2020 05:52:31 GMT" skipped="1">
  <testcase classname="com.qa.rf.TestPages.RegisterPageTest" name="changecc" time="14.072"/>
  <testcase classname="com.qa.rf.TestPages.RegisterPageTest" name="Enterinfo" time="5.391">
    <skipped/>
  </testcase> <!-- Enterinfo -->
  <testcase classname="com.qa.rf.TestPages.RegisterPageTest" name="validatetitle" time="0.021"/>
</testsuite> <!-- com.qa.rf.TestPages.RegisterPageTest -->
