<?xml version="1.0" encoding="UTF-8"?>
<!-- Generated by org.testng.reporters.JUnitReportReporter -->
<testsuite hostname="MacBooks-MBP.fios-router.home" failures="0" tests="2" name="com.qa.rf.TestPages.HomePageTest" time="9.215" errors="0" timestamp="14 Dec 2020 01:41:56 GMT" skipped="0">
  <testcase classname="com.qa.rf.TestPages.HomePageTest" name="validatetitle" time="4.523"/>
  <testcase classname="com.qa.rf.TestPages.HomePageTest" name="clickonregisterpage" time="4.692"/>
</testsuite> <!-- com.qa.rf.TestPages.HomePageTest -->
